C51 COMPILER V9.60.7.0   MAIN                                                              10/31/2024 22:13:06 PAGE 1   


C51 COMPILER V9.60.7.0, COMPILATION OF MODULE MAIN
OBJECT MODULE PLACED IN .\Objects\main.obj
COMPILER INVOKED BY: D:\新建文件夹 (3)\C51\BIN\C51.EXE main.c OPTIMIZE(8,SPEED) BROWSE DEBUG OBJECTEXTEND PRINT(.\Listin
                    -gs\main.lst) TABS(2) OBJECT(.\Objects\main.obj)

line level    source

   1          #include <REGX52.H>
   2          void Delay(unsigned int Xms)    //@12.000MHz
   3          {
   4   1        unsigned char i, j;
   5   1        while(Xms--)
   6   1        {
   7   2          i = 2;
   8   2          j = 239;
   9   2          do
  10   2          {
  11   3            while (--j);
  12   3          } while (--i);
  13   2        }
  14   1        
  15   1      }
  16          
  17          void main()
  18          {
  19   1         unsigned int LEDNum = 0;
  20   1        while(1)
  21   1        {
  22   2          if(P3_1==00)
  23   2          {
  24   3          Delay(20);
  25   3          while(P3_1==0);
  26   3          Delay(20);
  27   3          LEDNum++;
  28   3          P2=~LEDNum;
  29   3          }
  30   2        }
  31   1      }


MODULE INFORMATION:   STATIC OVERLAYABLE
   CODE SIZE        =     55    ----
   CONSTANT SIZE    =   ----    ----
   XDATA SIZE       =   ----    ----
   PDATA SIZE       =   ----    ----
   DATA SIZE        =   ----    ----
   IDATA SIZE       =   ----    ----
   BIT SIZE         =   ----    ----
END OF MODULE INFORMATION.


C51 COMPILATION COMPLETE.  0 WARNING(S),  0 ERROR(S)
