C51 COMPILER V9.60.7.0   MAIN                                                              11/27/2024 13:25:04 PAGE 1   


C51 COMPILER V9.60.7.0, COMPILATION OF MODULE MAIN
OBJECT MODULE PLACED IN .\Objects\main.obj
COMPILER INVOKED BY: D:\kiel\C51\BIN\C51.EXE main.c OPTIMIZE(8,SPEED) BROWSE DEBUG OBJECTEXTEND PRINT(.\Listings\main.ls
                    -t) TABS(2) OBJECT(.\Objects\main.obj)

line level    source

   1          #include <REGX52.H>
   2          #include "Delay.h"
   3          #include "LCD1602.h"
   4          #include "MatrixKey.h"
   5          unsigned char KeyNum;
   6          void main()
   7          {
   8   1        LCD_Init();
   9   1        LCD_ShowString(1,1,"HellowWorld");
  10   1        while(1)
  11   1        {
  12   2          KeyNum=MatrixKey();
  13   2          if(KeyNum)
  14   2          {
  15   3            LCD_ShowNum(2,1,KeyNum,2);
  16   3          }
  17   2        } 
  18   1        
  19   1      }


MODULE INFORMATION:   STATIC OVERLAYABLE
   CODE SIZE        =     40    ----
   CONSTANT SIZE    =     12    ----
   XDATA SIZE       =   ----    ----
   PDATA SIZE       =   ----    ----
   DATA SIZE        =      1    ----
   IDATA SIZE       =   ----    ----
   BIT SIZE         =   ----    ----
END OF MODULE INFORMATION.


C51 COMPILATION COMPLETE.  0 WARNING(S),  0 ERROR(S)
