C51 COMPILER V9.60.7.0   NIXIE                                                             11/26/2024 19:04:22 PAGE 1   


C51 COMPILER V9.60.7.0, COMPILATION OF MODULE NIXIE
OBJECT MODULE PLACED IN .\Objects\Nixie.obj
COMPILER INVOKED BY: D:\新建文件夹 (3)\C51\BIN\C51.EXE Nixie.c OPTIMIZE(8,SPEED) BROWSE DEBUG OBJECTEXTEND PRINT(.\Listi
                    -ngs\Nixie.lst) TABS(2) OBJECT(.\Objects\Nixie.obj)

line level    source

   1          #include <REGX52.H>
   2          #include"Delay.h"
   3          unsigned char NixieTable[]={0X3F,0X06,0X5B,0X4F,0X66,0X6D,0X7D,0x07,0X7F,0X6F};
   4          void Nixie(unsigned char Location,Number)
   5          {
   6   1          switch(Location)
   7   1          {
   8   2            case 1:P2_4=1;P2_3=1;P2_2=1;break;
   9   2            case 2:P2_4=1;P2_3=1;P2_2=0;break;
  10   2            case 3:P2_4=1;P2_3=0;P2_2=1;break;
  11   2            case 4:P2_4=1;P2_3=0;P2_2=0;break;
  12   2            case 5:P2_4=0;P2_3=1;P2_2=1;break;
  13   2            case 6:P2_4=0;P2_3=1;P2_2=0;break;
  14   2            case 7:P2_4=0;P2_3=0;P2_2=1;break;
  15   2            case 8:P2_4=0;P2_3=0;P2_2=0;break;
  16   2          }
  17   1          P0=NixieTable[Number];
  18   1          Delay(1);
  19   1          P0=0X00;
  20   1      }


MODULE INFORMATION:   STATIC OVERLAYABLE
   CODE SIZE        =    109    ----
   CONSTANT SIZE    =   ----    ----
   XDATA SIZE       =   ----    ----
   PDATA SIZE       =   ----    ----
   DATA SIZE        =     10    ----
   IDATA SIZE       =   ----    ----
   BIT SIZE         =   ----    ----
END OF MODULE INFORMATION.


C51 COMPILATION COMPLETE.  0 WARNING(S),  0 ERROR(S)
