C51 COMPILER V9.60.7.0   MAIN                                                              10/31/2024 18:45:11 PAGE 1   


C51 COMPILER V9.60.7.0, COMPILATION OF MODULE MAIN
OBJECT MODULE PLACED IN .\Objects\main.obj
COMPILER INVOKED BY: D:\新建文件夹 (3)\C51\BIN\C51.EXE main.c OPTIMIZE(8,SPEED) BROWSE DEBUG OBJECTEXTEND PRINT(.\Listin
                    -gs\main.lst) TABS(2) OBJECT(.\Objects\main.obj)

line level    source

   1          #include <REGX52.H>
   2          
   3          void Delay1ms(unsigned int Xms)   //@11.0592MHz
   4          {
   5   1        unsigned char i, j;
   6   1        while(Xms)
   7   1        {
   8   2        i = 2;
   9   2        j = 239;
  10   2        do
  11   2        {
  12   3          while (--j);
  13   3        } while (--i);
  14   2          Xms--;
  15   2        }
  16   1        
  17   1        
  18   1      }
  19          
  20          void main()
  21          {
  22   1        while(1)
  23   1        {
  24   2          P2=0xFE;
  25   2          Delay1ms(50);
  26   2          P2=0xFD;
  27   2          Delay1ms(1000);
  28   2          P2=0xFB;
  29   2          Delay1ms(500);
  30   2          P2=0xF7;
  31   2          Delay1ms(5000);
  32   2          P2=0xEF;
  33   2          Delay1ms(100);
  34   2          P2=0xDF;
  35   2          Delay1ms(1000  );
  36   2          P2=0xBF;
  37   2          Delay1ms(5000);
  38   2          P2=0x7F;
  39   2          Delay1ms(500);
  40   2        }
  41   1          
  42   1      
  43   1      
  44   1      
  45   1      
  46   1      
  47   1      
  48   1      }


MODULE INFORMATION:   STATIC OVERLAYABLE
   CODE SIZE        =    102    ----
   CONSTANT SIZE    =   ----    ----
   XDATA SIZE       =   ----    ----
C51 COMPILER V9.60.7.0   MAIN                                                              10/31/2024 18:45:11 PAGE 2   

   PDATA SIZE       =   ----    ----
   DATA SIZE        =   ----    ----
   IDATA SIZE       =   ----    ----
   BIT SIZE         =   ----    ----
END OF MODULE INFORMATION.


C51 COMPILATION COMPLETE.  0 WARNING(S),  0 ERROR(S)
