C51 COMPILER V9.60.7.0   MAIN                                                              11/25/2024 22:56:58 PAGE 1   


C51 COMPILER V9.60.7.0, COMPILATION OF MODULE MAIN
OBJECT MODULE PLACED IN .\Objects\main.obj
COMPILER INVOKED BY: D:\新建文件夹 (3)\C51\BIN\C51.EXE main.c OPTIMIZE(8,SPEED) BROWSE DEBUG OBJECTEXTEND PRINT(.\Listin
                    -gs\main.lst) TABS(2) OBJECT(.\Objects\main.obj)

line level    source

   1          #include <REGX52.H> 
   2          void Delay(unsigned int Xms)    //@12.000MHz
   3          {
   4   1        unsigned char i, j;
   5   1        while(Xms--)
   6   1        {
   7   2          i = 2;
   8   2          j = 239;
   9   2          do
  10   2          {
  11   3            while (--j);
  12   3          } while (--i);
  13   2        }
  14   1        
  15   1      }
  16          unsigned char NixieTable[]={0X3F,0X06,0X5B,0X4F,0X66,0X6D,0X7D,0x07,0X7F,0X6F};
  17          void Nixie(unsigned char Location,Number)
  18          {
  19   1          switch(Location)
  20   1          {
  21   2            case 1:P2_4=1;P2_3=1;P2_2=1;break;
  22   2            case 2:P2_4=1;P2_3=1;P2_2=0;break;
  23   2            case 3:P2_4=1;P2_3=0;P2_2=1;break;
  24   2            case 4:P2_4=1;P2_3=0;P2_2=0;break;
  25   2            case 5:P2_4=0;P2_3=1;P2_2=1;break;
  26   2            case 6:P2_4=0;P2_3=1;P2_2=0;break;
  27   2            case 7:P2_4=0;P2_3=0;P2_2=1;break;
  28   2            case 8:P2_4=0;P2_3=0;P2_2=0;break;
  29   2          }
  30   1          P0=NixieTable[Number];
  31   1          Delay(1);
  32   1          P0=0X00;
  33   1      }
  34          
  35          void main()
  36          {
  37   1          while(1)
  38   1          {
  39   2          Nixie(3,1);
  40   2          Delay(20);
  41   2          Nixie(4,8);
  42   2          Delay(20);
  43   2          Nixie(5,8);
  44   2          Delay(20);
  45   2          Nixie(6,4);
  46   2          Delay(20);
  47   2          }
  48   1      }


MODULE INFORMATION:   STATIC OVERLAYABLE
   CODE SIZE        =    171    ----
   CONSTANT SIZE    =   ----    ----
   XDATA SIZE       =   ----    ----
C51 COMPILER V9.60.7.0   MAIN                                                              11/25/2024 22:56:58 PAGE 2   

   PDATA SIZE       =   ----    ----
   DATA SIZE        =     10    ----
   IDATA SIZE       =   ----    ----
   BIT SIZE         =   ----    ----
END OF MODULE INFORMATION.


C51 COMPILATION COMPLETE.  0 WARNING(S),  0 ERROR(S)
