C51 COMPILER V9.60.7.0   MAIN                                                              11/01/2024 17:29:25 PAGE 1   


C51 COMPILER V9.60.7.0, COMPILATION OF MODULE MAIN
OBJECT MODULE PLACED IN .\Objects\main.obj
COMPILER INVOKED BY: D:\新建文件夹 (3)\C51\BIN\C51.EXE main.c OPTIMIZE(8,SPEED) BROWSE DEBUG OBJECTEXTEND PRINT(.\Listin
                    -gs\main.lst) TABS(2) OBJECT(.\Objects\main.obj)

line level    source

   1          #include <REGX52.H>
   2          unsigned char LEDNum;
   3          void Delay(unsigned int Xms)    //@12.000MHz
   4          {
   5   1        unsigned char i, j;
   6   1        while(Xms--)
   7   1        {
   8   2          i = 2;
   9   2          j = 239;
  10   2          do
  11   2          {
  12   3            while (--j);
  13   3          } while (--i);
  14   2        }
  15   1        
  16   1      }
  17          
  18          void main()
  19          
  20          {
  21   1        P2=~0X01;
  22   1        while(1)
  23   1          {
  24   2            if(P3_1==0)
  25   2            {
  26   3              Delay(20);
  27   3              while(P3_1==0);
  28   3              Delay(20);
  29   3              LEDNum++;
  30   3              if(LEDNum>=8)
  31   3                    LEDNum=0;
  32   3              P2=~(0X01<<LEDNum);
  33   3            }
  34   2            if(P3_0==0)
  35   2            {
  36   3              Delay(20);
  37   3              while(P3_0==0);
  38   3              Delay(20);
  39   3              if(LEDNum==0)
  40   3                    LEDNum=7;
  41   3              else
  42   3                LEDNum--;
  43   3              P2=~(0X01<<LEDNum);
  44   3            }
  45   2          }
  46   1            
  47   1      
  48   1      }


MODULE INFORMATION:   STATIC OVERLAYABLE
   CODE SIZE        =    109    ----
   CONSTANT SIZE    =   ----    ----
   XDATA SIZE       =   ----    ----
C51 COMPILER V9.60.7.0   MAIN                                                              11/01/2024 17:29:25 PAGE 2   

   PDATA SIZE       =   ----    ----
   DATA SIZE        =      1    ----
   IDATA SIZE       =   ----    ----
   BIT SIZE         =   ----    ----
END OF MODULE INFORMATION.


C51 COMPILATION COMPLETE.  0 WARNING(S),  0 ERROR(S)
